Iteration	Posterior	Likelihood	Prior	rate_log_sd	rate_neo	tree_length
0	-1095.402	-1703.499	608.0972	1.082359	0.8853523	2.246957
6	-1084.414	-1693.369	608.9548	1.178306	0.9586865	1.543401
12	-1074.15	-1683.004	608.8547	1.221579	0.7120211	1.786624
18	-1070.412	-1679.202	608.7897	1.286554	0.7120211	1.786624
24	-1083.283	-1691.861	608.578	1.197893	0.6368465	2.057719
30	-1087.508	-1696.059	608.5506	1.29164	1.062233	1.679741
36	-1094.202	-1702.788	608.5864	1.188181	1.081553	1.714764
42	-1097.664	-1705.566	607.9026	1.190035	1.077043	2.177216
48	-1089.662	-1698.833	609.1706	1.415654	0.8360177	1.296073
54	-1093.646	-1702.433	608.7863	1.145254	0.8735396	1.753472
60	-1083.608	-1691.92	608.3127	1.256313	1.250255	1.753472
66	-1081.23	-1689.529	608.2988	1.326301	1.186023	1.752945
72	-1095.262	-1703.456	608.1943	1.411634	1.573087	1.548228
78	-1097.852	-1706.231	608.3792	1.517048	1.450522	1.396051
84	-1086.458	-1695.295	608.8371	1.632303	1.321856	0.9856787
90	-1071.126	-1679.83	608.7045	1.82403	1.474487	0.779709
96	-1087.105	-1695.513	608.408	1.793349	1.85764	0.8653858
102	-1089.733	-1698.639	608.9063	1.589686	1.307903	0.970035
108	-1099.586	-1707.542	607.9551	1.64057	1.618021	1.532536
114	-1100.917	-1709.341	608.4231	1.449412	1.498153	1.386924
120	-1100.041	-1708.943	608.9016	1.354554	0.9863405	1.429386
126	-1088.169	-1697.034	608.8653	1.441401	0.9587975	1.412063
132	-1098.151	-1706.666	608.5145	1.363874	1.066202	1.651247
138	-1094.145	-1702.931	608.7858	1.363874	1.030555	1.477049
144	-1101.064	-1709.734	608.6703	1.279735	1.226697	1.492349
150	-1090.161	-1699.203	609.0414	1.262075	0.8332181	1.518134
156	-1093.772	-1702.917	609.1449	1.480971	0.7619404	1.334694
162	-1078.675	-1687.846	609.1708	1.458826	0.9823111	1.124931
168	-1078.317	-1687.287	608.9702	1.438131	0.9842378	1.311232
174	-1083.812	-1693.636	609.8242	1.438131	0.5833304	0.9842283
180	-1075.759	-1684.863	609.1037	1.572554	0.9384384	1.123696
186	-1069.751	-1678.613	608.8619	1.366665	0.9368281	1.489184
192	-1082.466	-1691.436	608.9699	1.228405	0.7787011	1.641917
198	-1075.354	-1684.055	608.7018	1.272056	0.7258608	1.845103
204	-1078.616	-1688.007	609.3908	1.324136	0.7097485	1.315821
210	-1088.046	-1696.923	608.8768	1.30577	1.1978	1.33159
216	-1091.312	-1700.088	608.7758	1.240257	1.105791	1.523549
222	-1095.101	-1704.133	609.0321	1.312578	0.9883987	1.358727
228	-1094.783	-1703.715	608.9316	1.365916	1.039964	1.355683
234	-1096.579	-1705.408	608.8284	1.365916	0.8689787	1.569017
240	-1087.33	-1696.111	608.7813	1.281989	0.9068553	1.634217
246	-1093.631	-1702.05	608.4199	1.361795	1.228147	1.615595
252	-1098.576	-1707.605	609.029	1.388787	1.009268	1.283127
258	-1086.799	-1695.963	609.1642	1.542428	0.982898	1.053136
264	-1092.336	-1701.212	608.8764	1.483135	0.931947	1.39276
270	-1091.246	-1700.289	609.0431	1.378968	0.8628568	1.40248
276	-1086.644	-1695.91	609.2661	1.294209	0.8212575	1.330713
282	-1096.096	-1705.168	609.0724	1.337961	0.900284	1.379448
288	-1095.369	-1704.658	609.2889	1.353921	0.5616231	1.531245
294	-1089.305	-1698.352	609.0463	1.392832	0.9602166	1.30612
300	-1092.719	-1701.39	608.6711	1.429248	0.8825316	1.626522
306	-1088.081	-1696.707	608.6261	1.069002	0.7719006	1.995031
312	-1093.389	-1701.763	608.3739	1.061089	0.7719006	2.166246
318	-1099.917	-1708.819	608.9021	1.107857	0.5111804	2.027852
324	-1095.434	-1703.981	608.5474	1.107857	0.8110704	1.990524
330	-1093.558	-1701.667	608.1093	1.107857	0.8531249	2.245771
336	-1099.064	-1707.891	608.8265	1.212223	0.8019962	1.735533
342	-1109.566	-1717.21	607.6441	1.018364	0.745066	2.674342
348	-1090.239	-1698.642	608.4035	1.046506	0.7725484	2.155958
354	-1085.272	-1693.801	608.5295	1.062214	0.7380977	2.090992
360	-1088.173	-1696.787	608.6148	1.081738	0.7864318	1.982399
366	-1087.211	-1696.471	609.2604	1.390667	0.7273166	1.349019
372	-1084.866	-1693.999	609.1327	1.496159	0.9004535	1.200761
378	-1092.306	-1701.865	609.5589	1.390572	0.6013391	1.244878
384	-1095.895	-1705.111	609.2154	1.466481	0.8070675	1.244878
390	-1107.387	-1716.857	609.4693	1.331674	0.5451789	1.430961
396	-1097.664	-1707.233	609.569	1.266816	0.6113587	1.326098
402	-1077.661	-1686.235	608.574	1.266816	0.9987979	1.72468
408	-1065.987	-1675.113	609.1257	1.184387	0.8016103	1.540517
414	-1067.924	-1676.355	608.431	1.184387	0.8497221	1.987465
420	-1077.483	-1686.708	609.225	1.217883	0.6436287	1.590855
426	-1091.49	-1699.988	608.4981	1.331078	1.257373	1.562837
432	-1104.681	-1713.617	608.9364	1.326338	0.8961666	1.496132
438	-1108.684	-1717.144	608.4601	1.471775	1.146501	1.558337
444	-1095.383	-1704.569	609.1855	1.277912	0.8145823	1.413027
450	-1092.835	-1701.56	608.7248	1.302908	0.9402122	1.634318
456	-1084.709	-1693.019	608.3101	1.139423	0.8209054	2.118901
462	-1100.241	-1708.038	607.797	1.284449	1.448612	1.978518
468	-1104.681	-1712.368	607.6867	1.224409	1.456043	2.087786
474	-1105.546	-1713.302	607.7564	1.169297	1.319815	2.147773
480	-1095.884	-1704.742	608.8575	1.350001	0.8272113	1.593897
486	-1091.207	-1699.973	608.7656	1.349924	1.171614	1.402624
492	-1104.034	-1712.66	608.6261	1.27395	0.8770679	1.772721
498	-1109.164	-1717.706	608.5417	1.17957	0.9085904	1.872302
504	-1107.244	-1715.822	608.5787	1.257723	0.8100958	1.868999
510	-1098.876	-1706.75	607.8741	1.098897	1.099852	2.24073
516	-1096.53	-1703.838	607.3088	1.052357	0.9926671	2.689816
522	-1096.959	-1704.199	607.2404	0.9316139	1.079589	2.753807
528	-1102.936	-1710.668	607.7323	1.010943	1.02693	2.431244
534	-1091.469	-1700.147	608.6789	1.13175	0.7175566	1.962945
540	-1083.489	-1691.962	608.4729	1.082923	0.6790689	2.164278
546	-1081.355	-1690.324	608.9693	1.104986	0.5686919	1.924468
552	-1090.712	-1699.411	608.6984	1.254379	0.9622674	1.671659
558	-1086.925	-1695.331	608.4059	1.209319	0.6270669	2.17193
564	-1070.883	-1679.03	608.1476	1.168729	0.595429	2.392395
570	-1065.53	-1674.393	608.8627	1.120445	0.7210982	1.842876
576	-1055.194	-1663.733	608.5396	1.187498	0.8112598	1.942167
582	-1050.485	-1658.529	608.0446	0.9892885	0.786261	2.411864
588	-1055.278	-1663.528	608.2499	1.006046	0.6158887	2.411864
594	-1076.16	-1683.801	607.6418	0.9685228	0.8497484	2.630061
600	-1073.648	-1680.915	607.2671	0.841246	1.000547	2.839294
606	-1079.367	-1686.889	607.5217	0.841246	1.000547	2.683845
612	-1078.205	-1685.171	606.966	0.8491748	1.023839	3.002277
618	-1078.075	-1685.907	607.8325	0.875289	0.7044008	2.678156
624	-1076.145	-1684.031	607.8867	0.8649613	0.7044008	2.651166
630	-1095.712	-1703.296	607.5845	0.9712558	0.7126381	2.764824
636	-1094.912	-1702.425	607.5133	0.9381615	0.7972132	2.764824
642	-1097.343	-1705.404	608.0604	1.020875	1.053046	2.199414
648	-1100.945	-1709.261	608.3162	1.020702	0.7402488	2.25479
654	-1101.204	-1709.801	608.5974	1.001532	0.5786208	2.227912
660	-1083.686	-1692.519	608.8328	1.208202	0.6982234	1.823344
666	-1093.331	-1702.646	609.3155	1.223231	0.6303859	1.533932
672	-1089.252	-1698.484	609.2323	1.376917	0.7797121	1.330809
678	-1086.476	-1695.691	609.2149	1.443583	0.74625	1.32407
684	-1079.561	-1688.882	609.3204	1.286864	0.6612632	1.450365
690	-1084.046	-1693.483	609.4368	1.435784	0.595963	1.314441
696	-1087.974	-1697.209	609.2351	1.101805	0.595963	1.715414
702	-1095.325	-1704.126	608.8006	1.209733	0.9314323	1.653436
708	-1096.273	-1704.468	608.1947	1.271131	1.013199	1.972011
714	-1083.37	-1692.797	609.4271	1.220981	0.6900349	1.38918
720	-1080.22	-1688.478	608.2574	1.169733	1.059954	1.967468
726	-1088.597	-1697.83	609.2332	1.347731	0.7284795	1.40294
732	-1107.192	-1715.682	608.4894	1.256854	0.8685044	1.885088
738	-1091.544	-1700.232	608.6875	1.126999	0.7327507	1.94744
744	-1097.978	-1706.488	608.5094	1.221467	0.9313034	1.84917
750	-1091.42	-1700.199	608.7786	1.208309	0.7586633	1.807978
756	-1094.926	-1704.137	609.2111	1.208309	0.8283023	1.434745
762	-1102.339	-1711.943	609.6043	1.363862	0.6522173	1.167707
768	-1096.109	-1705.301	609.192	1.301908	0.5709488	1.629898
774	-1080.441	-1689.33	608.8886	1.301908	0.9260609	1.526119
780	-1075.096	-1683.931	608.8348	1.394026	0.8375149	1.569681
786	-1085.008	-1693.972	608.9645	1.237833	0.9154399	1.525705
792	-1061.675	-1670.544	608.8689	1.33562	0.8306877	1.593221
798	-1073.128	-1682.498	609.37	1.327033	0.5868448	1.462137
804	-1079.653	-1688.789	609.1356	1.359269	0.962556	1.258495
810	-1074.182	-1683.343	609.1607	1.66127	1.091192	0.814008
816	-1084.786	-1694.307	609.5205	1.696463	0.6858866	0.878157
822	-1104.346	-1714.173	609.8268	1.593192	0.5473356	0.87238
828	-1109.152	-1718.952	609.8001	1.497544	0.5473356	1.003638
834	-1110.685	-1720.068	609.3833	1.443027	0.9805688	0.9350319
840	-1127.713	-1737.276	609.5625	1.684596	0.4166758	1.249706
846	-1134.573	-1744.135	609.5625	1.684596	0.4166758	1.249706
852	-1120.035	-1729.597	609.5625	1.684596	0.4166758	1.249706
858	-1125.611	-1735.173	609.5625	1.684596	0.4166758	1.249706
864	-1120.92	-1730.482	609.5625	1.684596	0.4166758	1.249706
870	-1122.83	-1732.393	609.5625	1.684596	0.4166758	1.249706
876	-1118.906	-1728.468	609.5625	1.684596	0.4166758	1.249706
882	-1118.671	-1728.234	609.5625	1.684596	0.4166758	1.249706
888	-1122.238	-1731.801	609.5625	1.684596	0.4166758	1.249706
894	-1129.162	-1738.146	608.9837	1.31052	0.8854704	1.481174
900	-1108.754	-1717.344	608.59	1.31052	1.295103	1.486421
906	-1097.336	-1706.233	608.8973	1.228474	0.8144831	1.663525
912	-1093.29	-1702.021	608.7317	1.340505	0.9464572	1.597405
918	-1095.042	-1703.528	608.4863	1.165134	0.9617238	1.881766
924	-1082.66	-1691.193	608.5336	1.025556	0.6631623	2.175951
930	-1083.395	-1690.993	607.5984	0.9431802	0.9280321	2.619746
936	-1072.422	-1680.531	608.1084	0.8925308	0.7618296	2.451183
942	-1089.829	-1698.277	608.4484	0.9174535	0.8315534	2.165462
948	-1088.322	-1695.834	607.5117	0.8937722	0.6528165	2.904192
954	-1090.98	-1699.25	608.2697	0.8988104	0.8068653	2.310972
960	-1087.278	-1695.77	608.4927	0.8678799	0.6905242	2.280488
966	-1082.558	-1690.122	607.5642	0.8341914	0.7123239	2.86075
972	-1075.411	-1683.221	607.8104	0.9617092	0.8387795	2.53749
978	-1092.647	-1701.264	608.6172	0.9444773	0.7407556	2.108559
984	-1093.07	-1701.461	608.3914	1.043694	0.7605094	2.175164
990	-1091.352	-1699.412	608.06	0.9012176	0.8135224	2.437347
996	-1083.419	-1691.496	608.0764	0.9712675	0.5456534	2.607266
1002	-1087.669	-1695.311	607.6421	1.055027	0.9300715	2.521836
1008	-1089.811	-1698.215	608.4038	1.03321	0.9343054	2.04479
1014	-1094.146	-1702.318	608.172	0.9064881	0.9585225	2.261935
1020	-1095.3	-1703.132	607.832	0.9397465	0.7690969	2.588615
1026	-1099.745	-1708.107	608.3623	1.034584	0.5863409	2.34981
1032	-1099.292	-1708.211	608.9193	1.100127	0.7750625	1.771544
1038	-1100.247	-1708.853	608.6058	1.043136	0.8476375	1.966642
1044	-1099.469	-1707.912	608.4435	1.042718	0.7977387	2.112659
1050	-1092.611	-1700.892	608.2814	0.9972906	0.9280845	2.153041
1056	-1088.908	-1696.566	607.6575	0.9306922	1.001485	2.543989
1062	-1081.687	-1690.205	608.5185	1.053418	0.8511488	2.015411
1068	-1080.948	-1689.113	608.1645	1.151667	0.7853161	2.23266
1074	-1090.684	-1698.859	608.1755	1.144262	0.9346426	2.121745
1080	-1088.491	-1697.184	608.6921	1.096289	0.7904638	1.917362
1086	-1076.794	-1685.631	608.8376	1.079374	0.5077244	2.093006
1092	-1070.974	-1679.374	608.4	1.094417	0.8162445	2.093006
1098	-1084.606	-1693.489	608.8823	1.156952	0.6995607	1.823353
1104	-1081.3	-1690.006	608.7054	1.116895	0.6120661	2.050186
1110	-1077.153	-1685.917	608.7641	1.010762	0.6458463	2.050186
1116	-1077.78	-1686.431	608.6506	1.059385	0.6290179	2.108278
1122	-1078.105	-1686.765	608.6603	1.05067	0.5465728	2.18699
1128	-1083.016	-1691.35	608.3339	1.163874	0.7469359	2.145316
1134	-1088.184	-1696.826	608.6417	1.172428	0.987236	1.75162
1140	-1087.552	-1695.851	608.2993	1.170584	0.9896931	1.985005
1146	-1089.01	-1697.609	608.599	1.170584	1.063805	1.730098
1152	-1094.937	-1703.455	608.518	1.172711	0.6779337	2.077007
1158	-1097.908	-1706.296	608.3874	1.144155	0.573775	2.275854
1164	-1094.189	-1702.301	608.112	1.027605	0.8807291	2.275854
1170	-1092.024	-1700.844	608.8195	0.9189357	0.4782959	2.240998
1176	-1117.332	-1725.408	608.0754	1.037434	0.6783301	2.447815
1182	-1117.895	-1727.29	609.3952	1.494063	0.6397249	1.249706
1188	-1120.797	-1730.192	609.3952	1.494063	0.6397249	1.249706
1194	-1108.592	-1716.765	608.1733	1.068124	0.8299458	2.247133
1200	-1097.392	-1706.353	608.9606	1.345999	0.6497912	1.682863
1206	-1121.046	-1730.05	609.0041	1.418577	0.7911399	1.465399
1212	-1111.142	-1720.537	609.3952	1.494063	0.6397249	1.249706
1218	-1111.964	-1721.359	609.3952	1.494063	0.6397249	1.249706
1224	-1113.918	-1723.313	609.3952	1.494063	0.6397249	1.249706
1230	-1110.003	-1719.398	609.3952	1.494063	0.6397249	1.249706
1236	-1111.851	-1721.246	609.3952	1.494063	0.6397249	1.249706
1242	-1116.423	-1725.818	609.3952	1.494063	0.6397249	1.249706
1248	-1116.308	-1725.703	609.3952	1.494063	0.6397249	1.249706
1254	-1112.963	-1722.358	609.3952	1.494063	0.6397249	1.249706
1260	-1115.635	-1725.03	609.3952	1.494063	0.6397249	1.249706
1266	-1117.86	-1727.255	609.3952	1.494063	0.6397249	1.249706
1272	-1118.843	-1728.238	609.3952	1.494063	0.6397249	1.249706
1278	-1116.1	-1725.495	609.3952	1.494063	0.6397249	1.249706
1284	-1119.987	-1729.382	609.3952	1.494063	0.6397249	1.249706
1290	-1110.268	-1719.663	609.3952	1.494063	0.6397249	1.249706
1296	-1116.992	-1726.387	609.3952	1.494063	0.6397249	1.249706
1302	-1117.391	-1726.786	609.3952	1.494063	0.6397249	1.249706
1308	-1123.093	-1732.488	609.3952	1.494063	0.6397249	1.249706
1314	-1122.185	-1731.58	609.3952	1.494063	0.6397249	1.249706
1320	-1124.194	-1733.589	609.3952	1.494063	0.6397249	1.249706
1326	-1119.183	-1728.578	609.3952	1.494063	0.6397249	1.249706
1332	-1122.142	-1731.537	609.3952	1.494063	0.6397249	1.249706
1338	-1124.514	-1733.909	609.3952	1.494063	0.6397249	1.249706
1344	-1098.519	-1706.899	608.3802	1.286183	1.092631	1.783198
1350	-1103.81	-1712.262	608.4528	1.286183	1.287524	1.61037
1356	-1100.602	-1710.056	609.4534	1.227029	0.867785	1.187248
1362	-1096.519	-1705.518	608.9982	1.355172	1.020122	1.326595
1368	-1085.757	-1695.067	609.31	1.300355	0.61795	1.4936
1374	-1088.06	-1696.873	608.8127	1.318874	1.026664	1.4936
1380	-1111.306	-1719.812	608.5055	1.729812	1.564144	1.035686
1386	-1099.191	-1708.36	609.1688	1.593674	0.9515398	1.030408
1392	-1095.263	-1704.376	609.113	1.53591	0.9967606	1.094119
1398	-1095.681	-1704.143	608.4613	1.638142	1.809291	1.00762
1404	-1089.225	-1697.907	608.682	1.638345	1.537551	0.9698664
1410	-1096.059	-1705.339	609.2798	1.638345	0.8891275	0.9396754
1416	-1089.825	-1699.104	609.2798	1.638345	0.8891275	0.9396754
1422	-1091.756	-1700.962	609.206	1.523491	0.952597	1.060936
1428	-1091.698	-1701.415	609.7163	1.557254	0.5565726	1.013397
1434	-1094.688	-1703.402	608.7137	1.327876	0.9802929	1.594338
1440	-1087.695	-1697.156	609.4605	1.252499	0.4816502	1.574322
1446	-1098.824	-1708.218	609.3943	1.236865	0.4816502	1.633734
1452	-1088.877	-1696.942	608.0654	1.197094	0.866367	2.206967
1458	-1095.404	-1703.745	608.3413	1.075352	0.6832677	2.250631
1464	-1100.851	-1709.007	608.1557	1.340494	1.113158	1.887045
1470	-1100.944	-1709.623	608.6799	1.194212	1.009075	1.693954
1476	-1090.932	-1699.732	608.8007	1.257563	1.032302	1.54409
1482	-1092.337	-1701.819	609.4827	1.613168	0.6112633	1.104847
1488	-1094.795	-1703.734	608.9387	1.568477	1.209185	1.041528
1494	-1100.574	-1709.65	609.0754	1.414373	0.8508317	1.35999
1500	-1108.484	-1717.933	609.4495	1.425272	0.5814556	1.329851
1506	-1111.802	-1721.174	609.3719	1.403824	0.6105572	1.374711
1512	-1110.129	-1719.413	609.284	1.441779	0.6305864	1.391565
1518	-1105.933	-1715.191	609.2573	1.520089	0.8408151	1.128583
1524	-1099.79	-1709.43	609.64	1.420107	0.6144752	1.133066
1530	-1086.612	-1695.477	608.8644	1.420107	0.9122222	1.466614
1536	-1099.781	-1708.893	609.1116	1.468757	0.9791487	1.171419
1542	-1089.686	-1698.589	608.9023	1.347512	0.8262787	1.563725
1548	-1087.192	-1695.959	608.7666	1.294505	0.9240426	1.622511
1554	-1081.358	-1689.552	608.1944	1.292564	1.191277	1.845455
1560	-1090.337	-1698.7	608.3632	1.238703	1.065395	1.845455
1566	-1083.854	-1692.287	608.4339	1.249191	1.166428	1.724422
1572	-1093.784	-1701.662	607.8779	1.164206	1.437225	2.010538
1578	-1088.284	-1697.275	608.9902	1.213484	0.72685	1.683856
1584	-1096.419	-1705.139	608.7197	1.073456	0.72685	1.966749
1590	-1102.077	-1710.551	608.474	1.311747	1.393467	1.513584
1596	-1086.614	-1695.287	608.6728	1.200388	0.9254407	1.754995
1602	-1086.952	-1696.049	609.097	1.377507	0.7770423	1.438758
1608	-1097.619	-1706.965	609.3458	1.536677	0.9147246	0.948189
1614	-1100.542	-1709.832	609.2901	1.635563	0.8592375	0.9665819
1620	-1084.624	-1694.053	609.4289	1.612606	0.8598711	0.8352781
1626	-1090.127	-1699.609	609.4823	1.679318	0.6626345	0.9722825
1632	-1089.26	-1698.09	608.8299	1.60281	1.229825	1.094771
1638	-1081.316	-1690.081	608.765	1.329161	1.261052	1.358912
1644	-1094.747	-1703.637	608.8902	1.427008	0.8830267	1.465813
1650	-1108.578	-1717.589	609.0108	1.427008	0.9200858	1.340996
1656	-1106.213	-1715.114	608.9005	1.427008	1.231596	1.187143
1662	-1107.759	-1716.95	609.1906	1.411818	0.8266407	1.291662
1668	-1108.349	-1717.246	608.8971	1.229009	0.9234733	1.575683
1674	-1113.232	-1722.21	608.9774	1.313916	0.8618604	1.502977
1680	-1099.2	-1708.065	608.8652	1.313916	0.7674865	1.665411
1686	-1098.332	-1706.622	608.2891	1.275455	1.043469	1.88535
1692	-1104.801	-1713.95	609.1492	1.259749	0.6079299	1.651816
1698	-1102.239	-1710.569	608.3297	1.13152	0.8815336	2.066332
1704	-1095.583	-1704.472	608.8893	1.144413	0.7623389	1.772336
1710	-1095.791	-1704.678	608.8873	1.371924	0.842234	1.54338
1716	-1084.123	-1693.325	609.202	1.461051	1.065569	1.01674
1722	-1085.776	-1694.993	609.2168	1.461051	1.094391	0.9745125
1728	-1089.497	-1698.895	609.3982	1.597075	0.7159925	1.066712
1734	-1085.565	-1694.852	609.2868	1.646265	0.9168054	0.890322
1740	-1089.715	-1698.953	609.2375	1.738413	0.9432984	0.8037183
1746	-1076.744	-1686.001	609.2578	1.768502	0.9232255	0.7632991
1752	-1070.71	-1680.066	609.3556	1.547124	0.9254004	0.9141495
1758	-1059.59	-1668.644	609.0543	1.416903	1.110858	1.155282
1764	-1069.13	-1677.82	608.6896	1.33266	1.174621	1.472082
1770	-1075.756	-1684.435	608.6782	1.361022	1.211249	1.434766
1776	-1064.998	-1673.977	608.9789	1.282054	0.9056644	1.489709
1782	-1092.31	-1701.142	608.8321	1.306374	1.074907	1.45316
1788	-1092.798	-1702.356	609.5575	1.409554	0.7332343	1.072652
1794	-1100.06	-1709.595	609.535	1.237572	0.6849647	1.295336
1800	-1109.223	-1717.759	608.5358	1.27919	0.953901	1.774796
1806	-1105.058	-1713.991	608.9333	1.197946	0.5305893	1.925794
1812	-1096.759	-1705.032	608.2734	1.133607	0.9266741	2.069955
1818	-1097.578	-1705.839	608.2613	1.288044	1.260774	1.761011
1824	-1087.663	-1696.402	608.7392	1.025376	0.6071442	2.092913
1830	-1087.614	-1696.699	609.0852	1.117665	0.7729509	1.643592
1836	-1087.798	-1696.339	608.5412	0.9628221	0.5555909	2.311119
1842	-1078.139	-1686.18	608.0414	0.9592925	0.8980726	2.352401
1848	-1083.313	-1691.588	608.2755	0.952734	0.6509876	2.398391
1854	-1071.491	-1679.712	608.2208	1.009593	0.5418398	2.497319
1860	-1068.121	-1675.659	607.5378	1.018475	0.8565623	2.65865
1866	-1072.47	-1680.842	608.3723	0.9964726	0.5719315	2.38125
1872	-1074.734	-1683.469	608.7346	1.110256	0.7010556	1.954249
1878	-1092.602	-1700.789	608.1877	1.231701	1.061043	1.971966
1884	-1082.606	-1691.394	608.7879	1.120648	0.6730129	1.936269
1890	-1067.533	-1676.153	608.6204	1.41183	1.131079	1.494113
1896	-1073.189	-1682.691	609.5018	1.364991	0.5347766	1.39268
1902	-1088.611	-1697.109	608.4972	1.122958	0.785349	2.034058
1908	-1087.969	-1696.172	608.2026	0.990793	0.785349	2.31137
1914	-1089.925	-1698.304	608.3793	0.9524106	0.785349	2.222655
1920	-1095.971	-1704.313	608.3419	1.056134	0.9446229	2.063448
1926	-1104.73	-1713.369	608.6393	1.049183	0.6951916	2.063448
1932	-1099.94	-1708.119	608.179	0.9825004	0.7725615	2.34145
1938	-1089.986	-1697.859	607.8734	0.8966676	0.8167063	2.554541
1944	-1086.015	-1694.053	608.0384	0.9843852	0.9289787	2.317284
1950	-1079.619	-1688.004	608.3854	0.9860687	0.7319433	2.239254
1956	-1094.659	-1702.329	607.6706	1.054294	0.8286909	2.574024
1962	-1103.818	-1711.936	608.1181	0.9868618	0.8186281	2.34272
1968	-1082.968	-1691.06	608.0911	1.03994	0.9580316	2.228417
1974	-1079.962	-1688.167	608.2041	1.298938	1.322102	1.758086
1980	-1090.782	-1699.62	608.8375	1.278662	1.322102	1.301006
1986	-1098.675	-1707.34	608.6658	1.266294	1.259158	1.485171
1992	-1078.058	-1686.975	608.917	1.13384	0.6934666	1.820899
1998	-1071.664	-1679.551	607.887	1.087922	0.7800405	2.453626
2004	-1073.792	-1682.257	608.4647	1.063556	0.674386	2.186183
2010	-1077.49	-1685.692	608.202	1.091638	1.226317	1.956001
2016	-1105.405	-1713.546	608.1407	1.078479	1.112576	2.072815
2022	-1101.852	-1709.68	607.8281	1.235618	1.304946	2.065254
2028	-1096.292	-1704.812	608.5196	1.161153	0.8743081	1.925102
2034	-1098.277	-1706.878	608.6013	1.158698	1.235728	1.626564
2040	-1085.529	-1694.337	608.8088	1.158698	0.9514194	1.669134
2046	-1088.608	-1696.547	607.9385	1.032822	0.8551577	2.400937
2052	-1092.384	-1700.454	608.0701	1.076138	0.5456544	2.546087
2058	-1078.581	-1686.273	607.6914	1.053708	1.143223	2.360894
2064	-1083.512	-1691.76	608.2481	1.143534	1.128169	1.948447
2070	-1087.892	-1695.914	608.0222	1.164539	1.291074	1.991167
2076	-1096.332	-1704.818	608.4862	1.151338	0.611753	2.171529
2082	-1071.64	-1680.327	608.6872	1.054999	0.9075081	1.858756
2088	-1077.641	-1686.27	608.6285	0.9781299	0.7830067	2.044891
2094	-1090.967	-1699.119	608.1521	0.940467	0.8674256	2.315297
2100	-1094.902	-1702.271	607.3694	1.029374	1.108077	2.598011
2106	-1099.366	-1707.273	607.907	1.002126	1.039822	2.318178
2112	-1085.226	-1694.035	608.8095	1.061102	0.8135924	1.842819
2118	-1099.217	-1707.418	608.2009	1.028353	0.867868	2.227386
2124	-1107.651	-1715.837	608.186	1.004999	0.941545	2.200788
2130	-1124.006	-1732.452	608.4458	1.163358	1.164755	1.77724
2136	-1130.336	-1738.382	608.0461	1.146617	1.499835	1.877672
2142	-1115.655	-1724.18	608.5249	1.249798	0.8666924	1.867037
2148	-1112.174	-1720.741	608.5675	1.029987	0.7505826	2.076983
2154	-1116.322	-1724.624	608.3025	0.9376003	0.7505826	2.30853
2160	-1115.32	-1723.557	608.2369	1.1452	1.246397	1.884622
2166	-1103.611	-1712.427	608.8161	1.14808	0.687547	1.885553
2172	-1084.335	-1692.813	608.4779	1.056204	0.6593752	2.19554
2178	-1077.949	-1685.039	607.0901	0.902679	0.8855	2.981696
2184	-1091.472	-1699.495	608.0225	0.8839476	0.5976802	2.646082
2190	-1092.767	-1700.537	607.7701	1.045328	0.8846519	2.478398
2196	-1094.181	-1702	607.8193	1.13843	0.6210838	2.593625
2202	-1109.903	-1717.148	607.245	0.9955866	1.062148	2.721992
2208	-1099.794	-1708.145	608.3507	0.8680952	0.736764	2.33311
2214	-1103.188	-1711.156	607.968	1.013301	0.853582	2.395765
2220	-1102.938	-1711.434	608.4952	0.9701652	0.7822631	2.138324
2226	-1106.488	-1715.158	608.6697	1.027536	0.6157896	2.12887
2232	-1095.99	-1704.621	608.6306	1.002445	0.6991651	2.096545
2238	-1101.296	-1710.1	608.8038	0.9172776	0.7273232	2.014478
2244	-1100.789	-1708.779	607.9903	1.110758	1.260711	2.064787
2250	-1099.847	-1707.992	608.1452	1.077434	1.098368	2.079175
2256	-1092.543	-1700.646	608.103	1.107954	0.917575	2.204262
2262	-1090.8	-1698.732	607.9319	1.014814	0.8521169	2.418662
2268	-1102.656	-1710.322	607.6661	1.03922	0.8521169	2.569632
2274	-1110.849	-1719.121	608.2723	0.9687676	0.8521169	2.231097
2280	-1097.655	-1704.615	606.9603	0.8147391	0.8937232	3.106642
2286	-1093.021	-1700.797	607.7766	0.957627	0.9436946	2.4897
2292	-1094.547	-1701.79	607.2427	0.9065954	0.6781241	3.037667
2298	-1090.407	-1698.346	607.9396	0.9065954	0.7525388	2.555031
2304	-1091.556	-1699.462	607.9061	0.977503	0.7119194	2.563554
2310	-1095.535	-1703.326	607.7904	1.250798	1.260217	2.104404
2316	-1091.616	-1700.188	608.5723	1.415973	1.242767	1.453076
2322	-1098.565	-1707.382	608.8179	1.334959	1.090765	1.430733
2328	-1094.291	-1702.881	608.5901	1.189077	0.7909029	1.923232
2334	-1093.003	-1701.218	608.2146	1.216043	0.9973048	2.00611
2340	-1108.576	-1716.885	608.3092	1.327292	0.9973048	1.867337
2346	-1101.696	-1709.615	607.9191	1.204222	0.8390889	2.316054
2352	-1110.599	-1719.3	608.7011	1.003393	0.6939852	2.053923
2358	-1119.076	-1726.821	607.7453	1.035229	1.180954	2.316938
2364	-1129.889	-1738.07	608.1811	1.245695	0.953507	2.038278
2370	-1109.418	-1718.335	608.9168	1.304928	1.016494	1.43269
2376	-1104.855	-1713.256	608.4009	1.470863	1.471965	1.402629
2382	-1098.826	-1708.117	609.2913	1.404062	0.7202809	1.320729
2388	-1091.612	-1700.884	609.2721	1.523316	0.7824786	1.172897
2394	-1106.447	-1715.622	609.1749	1.513281	0.8641136	1.184054
2400	-1108.862	-1718.555	609.6923	1.39561	0.5442169	1.20042
2406	-1090.008	-1699.311	609.3026	1.506998	0.8276704	1.113094
2412	-1090.783	-1700.107	609.3235	1.277942	0.8846205	1.238611
2418	-1091.142	-1700.713	609.5703	1.456874	0.7819186	0.9541111
2424	-1090.005	-1699.369	609.3644	1.456874	0.917951	1.007388
2430	-1116.495	-1726.06	609.5658	1.754784	0.6307393	0.8441558
2436	-1116.851	-1726.515	609.6632	1.609343	0.6566137	0.8589979
2442	-1132.342	-1740.775	608.4332	1.418574	1.006245	1.711762
2448	-1109.157	-1718.302	609.145	1.43175	1.063866	1.10015
2454	-1106.78	-1715.773	608.9936	1.411336	0.9410032	1.349578
2460	-1108.335	-1717.495	609.1604	1.459096	1.031812	1.089301
2466	-1104.646	-1713.793	609.1465	1.459096	0.9280694	1.195388
2472	-1112.254	-1721.031	608.7767	1.545412	0.80054	1.532527
2478	-1099.935	-1709.379	609.4447	1.571486	0.5619329	1.238111
2484	-1098.316	-1707.348	609.0321	1.486485	0.7848142	1.397506
2490	-1092.809	-1701.38	608.5711	1.529579	1.429726	1.244153
2496	-1093.056	-1701.523	608.4677	1.340441	1.326017	1.536678
2502	-1089.105	-1697.815	608.7104	1.551848	1.203638	1.262638
2508	-1093.809	-1702.168	608.3586	1.316714	1.513507	1.528548
2514	-1111.418	-1720.181	608.7632	1.196108	0.5974906	1.973061
2520	-1117.262	-1725.182	607.9201	1.216561	1.29196	2.024017
2526	-1114.591	-1722.557	607.9663	1.226008	0.9599012	2.187609
2532	-1111.748	-1719.188	607.44	1.050133	1.180173	2.500609
2538	-1104.192	-1713.109	608.9175	1.184844	0.7132947	1.767329
2544	-1083.187	-1692.127	608.9391	1.457927	0.8595189	1.424721
2550	-1089.568	-1698.315	608.747	1.349084	0.9698655	1.562241
2556	-1085.774	-1694.645	608.8712	1.289458	0.6694706	1.766778
2562	-1094.182	-1702.692	608.5095	1.117506	0.8225844	2.000397
2568	-1093.467	-1702.097	608.6305	1.133695	0.8225844	1.90823
2574	-1102.242	-1711.156	608.9141	1.308561	0.7419983	1.656687
2580	-1082.531	-1691.11	608.5791	1.318091	1.072013	1.633735
2586	-1079.461	-1688.034	608.5732	1.099933	0.9363659	1.885003
2592	-1079.755	-1688.689	608.9342	1.382934	0.6712976	1.654512
2598	-1092.137	-1700.245	608.108	1.243425	0.8966302	2.127582
2604	-1093.955	-1701.784	607.8293	1.12851	0.877705	2.39362
2610	-1080.759	-1688.822	608.0637	1.094941	1.066477	2.140833
2616	-1078.955	-1686.508	607.5529	0.9997628	0.5572721	2.898804
2622	-1098.297	-1705.549	607.2514	1.028234	0.8027067	2.865368
2628	-1089.808	-1697.256	607.4479	1.09354	0.8794414	2.652166
2634	-1085.612	-1693.928	608.3153	1.224934	0.8117538	2.066301
2640	-1094.712	-1702.467	607.7545	1.040974	1.015307	2.405525
2646	-1086.398	-1694.326	607.9281	1.002464	0.6516553	2.58405
2652	-1079.993	-1688.247	608.2541	1.135835	0.8612202	2.127878
2658	-1100.064	-1708.819	608.7554	1.067562	0.5939163	2.067141
2664	-1094.39	-1701.852	607.4622	1.040075	1.041278	2.573094
2670	-1084.45	-1692.609	608.1587	1.187446	1.000427	2.060083
2676	-1090.743	-1698.597	607.8539	1.041501	1.000427	2.351643
2682	-1096.421	-1704.596	608.1754	1.093373	0.9310561	2.157448
2688	-1097.141	-1705.474	608.3327	1.258342	0.8639021	1.993086
2694	-1092.288	-1701.205	608.9171	1.399616	0.7598037	1.572625
2700	-1092.085	-1700.075	607.9905	1.184285	1.15435	2.076973
2706	-1087.296	-1695.589	608.2933	1.057698	0.8027718	2.196824
2712	-1081.072	-1689.427	608.3548	1.018808	0.5091817	2.440239
2718	-1073.149	-1681.279	608.1297	0.8851044	0.7002706	2.491175
2724	-1061.57	-1669.857	608.2863	1.083621	0.765341	2.213593
2730	-1080.606	-1689.31	608.704	1.016003	0.6196993	2.110372
2736	-1075.364	-1683.885	608.5211	1.072429	0.6206622	2.191833
2742	-1083.186	-1692.383	609.1972	1.189298	0.5069096	1.777064
2748	-1089.51	-1698.848	609.3377	1.307458	0.5782675	1.510835
2754	-1097.401	-1705.265	607.8641	1.094491	0.9079054	2.372316
2760	-1094.155	-1701.34	607.1845	1.172846	1.611874	2.372316
2766	-1089.283	-1698.031	608.7479	1.172846	1.086893	1.606528
2772	-1114.143	-1723.075	608.932	1.088853	0.6362031	1.894304
2778	-1109.305	-1717.064	607.7591	1.012349	1.023006	2.415903
2784	-1103.09	-1711.568	608.478	0.9797411	0.7839264	2.142025
2790	-1103.818	-1712.497	608.6784	1.151462	0.7839264	1.894539
2796	-1097.321	-1706.213	608.8927	1.268833	0.678082	1.758141
2802	-1101.664	-1710.683	609.0184	1.046021	0.4551499	2.054634
2808	-1113.432	-1722.258	608.826	1.046021	0.6359206	1.994747
2814	-1105.229	-1713.645	608.4156	1.073735	0.8665151	2.058681
2820	-1107.107	-1715.617	608.5097	1.159279	0.919041	1.900231
2826	-1096.405	-1704.809	608.4042	1.166561	0.8929553	1.985294
2832	-1097.088	-1705.792	608.7041	0.942849	0.5556863	2.21932
2838	-1101.099	-1710.164	609.065	1.071503	0.6696798	1.783394
2844	-1100.37	-1708.659	608.2894	0.8546781	0.9709316	2.211479
2850	-1108.033	-1716.153	608.1205	1.073972	0.8442218	2.266784
2856	-1089.284	-1697.049	607.7653	1.121002	0.936603	2.398815
2862	-1109.477	-1718.147	608.6696	1.102233	0.8612595	1.873195
2868	-1111.036	-1718.903	607.8666	0.8703992	0.9942222	2.455555
2874	-1091.017	-1698.241	607.2237	0.9548752	1.038371	2.77389
2880	-1091.035	-1699.213	608.1786	0.8815919	0.9384304	2.287035
2886	-1084.727	-1691.764	607.0374	1.099249	1.404527	2.60541
2892	-1086.557	-1695.153	608.5961	1.313611	1.190333	1.545915
2898	-1098.878	-1707.774	608.8964	1.500485	1.158733	1.182203
2904	-1107.447	-1716.255	608.8085	1.509252	1.226226	1.19947
2910	-1105.351	-1713.407	608.0556	1.295348	1.281833	1.885659
2916	-1100.276	-1709.21	608.9343	1.451178	0.9994658	1.317295
2922	-1096.242	-1705.627	609.3849	1.492579	0.6757696	1.218313
2928	-1083.53	-1693.27	609.7396	1.607939	0.5235291	0.991192
2934	-1095.001	-1704.264	609.2625	1.648172	0.930101	0.8997241
2940	-1098.721	-1708.025	609.3043	1.526582	0.786091	1.13778
2946	-1102.305	-1711.563	609.2576	1.321864	0.8789558	1.262143
2952	-1089.97	-1698.431	608.4616	1.40756	1.151761	1.600741
2958	-1083.051	-1691.989	608.938	1.198659	0.6510436	1.80086
2964	-1083.787	-1692.628	608.8408	1.320436	0.7781757	1.668937
2970	-1094.673	-1703.77	609.0968	1.220923	0.8516112	1.491833
2976	-1108.911	-1717.832	608.9208	1.211165	0.6479836	1.807031
2982	-1116.219	-1725.647	609.4284	1.205626	0.8079823	1.283506
2988	-1101.568	-1710.53	608.962	1.337665	0.7794702	1.567626
2994	-1108.864	-1717.594	608.7298	1.130097	0.9946443	1.714165
3000	-1111.104	-1719.379	608.2742	1.02956	0.6356389	2.363986
3006	-1097.589	-1706.062	608.473	1.025544	0.7630276	2.131869
3012	-1098.728	-1706.521	607.793	0.9960071	0.676373	2.650875
3018	-1100.588	-1708.197	607.6091	1.01772	1.113562	2.452641
3024	-1084.048	-1692.411	608.3631	1.153865	0.4759227	2.384863
3030	-1087.829	-1695.356	607.5263	1.027599	0.9358681	2.606985
3036	-1090.164	-1698.377	608.2126	0.9656438	0.657442	2.424323
3042	-1108.741	-1716.602	607.8607	0.9897401	0.911377	2.438289
3048	-1105.691	-1713.434	607.7428	1.030782	0.8706035	2.514258
3054	-1107.858	-1714.551	606.6922	0.9028436	0.8706035	3.228534
3060	-1108.381	-1716.46	608.079	1.0406	0.6741813	2.447012
3066	-1127.169	-1735.151	607.9817	1.051542	0.9414968	2.302181
3072	-1121.712	-1729.087	607.3744	0.9195495	0.7321066	2.908665
3078	-1119.009	-1726.971	607.9621	1.039883	0.8232287	2.404557
3084	-1106.692	-1714.978	608.2859	1.101657	0.46469	2.478538
3090	-1102.826	-1711.379	608.5531	1.248304	1.040317	1.72361
3096	-1114.076	-1722.211	608.1344	1.248304	0.7462931	2.220417
3102	-1084.738	-1691.504	606.7663	0.9959392	1.135366	2.970814
3108	-1064.609	-1672.3	607.691	1.091384	0.7289473	2.61284
3114	-1067.836	-1676.144	608.3079	1.162832	0.7086552	2.194306
3120	-1056.751	-1664.731	607.98	1.035196	0.8052313	2.40944
3126	-1075.969	-1682.215	606.246	0.8317981	1.153668	3.367412
3132	-1066.583	-1673.69	607.1072	0.6751218	0.7728941	3.184663
3138	-1087.114	-1694.775	607.6611	0.8801444	0.9151559	2.628391
3144	-1084.956	-1692.902	607.9459	0.9446717	0.6147164	2.640738
3150	-1100.107	-1706.928	606.8212	0.8487539	0.9717291	3.120237
3156	-1087.442	-1694.928	607.4867	0.8982878	0.8357437	2.778076
3162	-1076.457	-1683.992	607.5349	0.9916863	0.7184518	2.778076
3168	-1091.368	-1698.478	607.1106	1.073563	1.025657	2.778076
3174	-1095.086	-1703.603	608.5176	1.302738	1.039211	1.711065
3180	-1073.124	-1681.657	608.5331	1.205774	1.043183	1.765502
3186	-1069.259	-1678.293	609.0337	1.221528	0.6356634	1.733008
3192	-1079.803	-1688.814	609.0101	1.453546	0.5701677	1.652465
3198	-1071.875	-1680.004	608.1294	1.225147	1.207601	1.925871
3204	-1075.08	-1683.069	607.9886	1.093339	0.8769869	2.315374
3210	-1081.525	-1690.184	608.6592	1.123552	0.9872973	1.773459
3216	-1086.305	-1694.918	608.6134	1.266687	0.9809489	1.709674
3222	-1088.474	-1697.83	609.3555	1.440049	0.6519437	1.312697
3228	-1102.384	-1711.997	609.613	1.369617	0.6264861	1.18616
3234	-1083.822	-1693.508	609.6859	1.4691	0.5931627	1.074472
3240	-1085.515	-1694.637	609.1225	1.451659	0.8938673	1.252986
3246	-1089.913	-1698.807	608.8945	1.454998	1.118984	1.252986
3252	-1092.158	-1700.865	608.7063	1.367398	1.26574	1.371961
3258	-1090.829	-1699.376	608.5463	1.489121	1.37932	1.329396
3264	-1090.683	-1699.553	608.8708	1.482214	1.253347	1.148678
3270	-1089.305	-1698.596	609.2915	1.52355	0.8405261	1.094669
3276	-1097.041	-1706.519	609.4779	1.392061	0.8614786	1.0201
3282	-1089.768	-1698.79	609.0216	1.534236	1.078081	1.106864
3288	-1086.885	-1696.068	609.1827	1.622633	0.8373187	1.106864
3294	-1086.036	-1695.446	609.4101	1.625454	0.8373187	0.8732829
3300	-1087.239	-1696.443	609.2038	1.528841	0.9600523	1.050661
3306	-1093.132	-1702.202	609.0707	1.596098	1.025501	1.050661
3312	-1092.372	-1701.049	608.6772	1.576732	1.340367	1.172897
3318	-1091.372	-1700.379	609.0072	1.507834	1.16591	1.070158
3324	-1099.17	-1708.025	608.8542	1.190078	0.6102729	1.903294
3330	-1104.853	-1713.369	608.5165	1.214928	0.756334	1.983417
3336	-1101.003	-1710.254	609.2509	1.216161	0.6556327	1.561068
3342	-1113.089	-1722.164	609.0754	1.309852	0.8304432	1.458916
3348	-1099.89	-1708.515	608.6251	1.207085	0.9664333	1.753748
3354	-1099.891	-1708.459	608.5682	1.068979	0.6482708	2.13841
3360	-1102.48	-1711.558	609.0772	1.230318	0.5852913	1.747071
3366	-1111.29	-1720.089	608.7993	1.386467	1.038418	1.443814
3372	-1121.658	-1730.123	608.4647	1.386467	1.304065	1.517894
3378	-1102.537	-1711.087	608.5503	1.507025	1.142386	1.467416
3384	-1084.368	-1693.08	608.7123	1.358175	0.9447335	1.599988
3390	-1089.402	-1697.972	608.5697	1.404684	1.173594	1.508798
3396	-1089.815	-1698.843	609.0279	1.161212	0.6158567	1.798627
3402	-1090.236	-1699.255	609.019	1.275925	0.6567032	1.684461
3408	-1086.356	-1695.263	608.9072	1.269818	0.8583714	1.590372
3414	-1093.069	-1702.148	609.0786	1.292944	0.6445939	1.641531
3420	-1105.328	-1714.661	609.333	1.291112	0.7681287	1.330084
3426	-1103.16	-1712.317	609.1566	1.283753	0.9454574	1.317514
3432	-1107.463	-1716.023	608.5597	1.233783	0.7007094	1.988954
3438	-1102.32	-1710.701	608.3818	1.198637	1.035149	1.880052
3444	-1103.011	-1712.209	609.1979	1.233043	0.6271755	1.616213
3450	-1127.663	-1736.35	608.6876	1.140266	0.7630193	1.913087
3456	-1111.098	-1719.879	608.7807	1.191831	0.8222499	1.765376
3462	-1109.953	-1718.823	608.8707	1.1574	0.6589251	1.868086
3468	-1112.996	-1720.866	607.8701	1.085498	1.065083	2.27296
3474	-1120.234	-1727.91	607.6757	1.166132	1.221205	2.255312
3480	-1105.338	-1713.943	608.6056	1.118969	0.7102408	2.026654
3486	-1103.029	-1711.652	608.6233	1.111858	0.7425066	1.992375
3492	-1088.937	-1697.223	608.2854	1.145402	0.9271744	2.053909
3498	-1092.816	-1701.889	609.0729	1.255947	0.8979049	1.444574
3504	-1112.545	-1721.524	608.9785	1.471268	0.8964582	1.351694
3510	-1123.389	-1732.88	609.4914	1.581661	0.753762	0.9418086
3516	-1111.294	-1720.127	608.8332	1.424739	0.9967542	1.419919
3522	-1106.129	-1714.846	608.7174	1.250548	0.6893468	1.881384
3528	-1105.314	-1714.558	609.2435	1.368956	0.7310965	1.375673
3534	-1118.366	-1727.202	608.8361	1.374531	0.9972479	1.455845
3540	-1114.23	-1723.118	608.8881	1.460862	0.9608212	1.377514
3546	-1117.058	-1726.464	609.4067	1.624637	0.743875	0.9975548
3552	-1130.735	-1739.37	608.6343	1.615387	1.56879	1.01843
3558	-1113.597	-1723.076	609.4789	1.527421	0.7937428	0.9611971
3564	-1119.192	-1729.007	609.8152	1.592883	0.6172189	0.752488
3570	-1132.447	-1742.162	609.7151	1.657418	0.6172189	0.8022587
3576	-1116.242	-1725.522	609.2803	1.637833	0.8523944	0.9821943
3582	-1115.956	-1725.225	609.269	1.515858	0.9403054	1.019953
3588	-1109.648	-1718.715	609.0674	1.388807	0.9547056	1.296875
3594	-1109	-1717.849	608.8486	1.125479	0.6942374	1.872781
3600	-1115.936	-1724.981	609.0457	1.403557	0.875193	1.370461
3606	-1102.453	-1712.113	609.6597	1.412011	0.6590461	1.065409
3612	-1098.399	-1708	609.601	1.479903	0.6522881	1.065409
3618	-1105.015	-1714.544	609.529	1.567471	0.7748218	0.8876317
3624	-1103.208	-1712.677	609.4694	1.599151	0.8536246	0.8097636
3630	-1124.45	-1733.729	609.2792	1.450481	0.8722427	1.139692
3636	-1120.686	-1729.716	609.0298	1.544476	1.18276	0.9983178
3642	-1085.417	-1694.536	609.1188	1.54998	1.020876	1.053098
3648	-1096.298	-1705.97	609.6717	1.54998	0.6905582	0.8654192
3654	-1098.912	-1708.557	609.6453	1.707352	0.6754754	0.7131456
3660	-1104.893	-1713.961	609.0682	1.633598	0.9938512	1.047249
3666	-1090.384	-1699.208	608.8233	1.447033	1.034466	1.38128
3672	-1098.227	-1706.983	608.7557	1.372487	1.187526	1.381775
3678	-1092.5	-1701.534	609.034	1.269532	0.8171834	1.531822
3684	-1104.758	-1713.419	608.661	1.269532	0.9587217	1.690085
3690	-1095.607	-1704.173	608.5653	1.118571	0.5836871	2.168062
3696	-1118.925	-1727.652	608.7274	1.077547	0.6070435	2.066397
3702	-1118.157	-1726.996	608.8397	1.564369	1.013076	1.29123
3708	-1092.972	-1702.117	609.1448	1.523105	0.9251645	1.143638
3714	-1089.839	-1698.378	608.5387	1.293565	1.117532	1.649832
3720	-1091.981	-1700.89	608.9097	1.242913	0.9569624	1.530257
3726	-1089.547	-1698.907	609.3597	1.31965	0.7821619	1.271433
3732	-1090.667	-1700.064	609.3971	1.293617	0.6127991	1.438214
3738	-1078.415	-1687.333	608.9183	1.340226	0.8656537	1.524345
3744	-1091.574	-1700.458	608.8848	1.335794	1.043591	1.413171
3750	-1101.141	-1710.431	609.2898	1.331225	0.608836	1.495399
3756	-1103.096	-1711.878	608.7819	1.436201	1.052958	1.408072
3762	-1113.358	-1722.493	609.135	1.440494	0.8111537	1.328003
3768	-1108.389	-1717.74	609.3513	1.301693	0.6763766	1.399495
3774	-1096.187	-1705.076	608.8895	1.496133	1.178482	1.176743
3780	-1092.051	-1701.433	609.3818	1.528646	0.8904559	0.9463543
3786	-1093.185	-1702.377	609.1913	1.582701	1.02228	0.9463543
3792	-1090.399	-1699.21	608.8108	1.651574	1.365152	0.9572393
3798	-1092.792	-1702.354	609.5619	1.569076	0.6713067	0.9915956
3804	-1093.023	-1702.239	609.2158	1.503906	1.063215	0.9617362
3810	-1094.973	-1703.955	608.9819	1.384225	1.032391	1.306679
3816	-1076.289	-1685.152	608.8627	1.220895	1.031051	1.526213
3822	-1083.358	-1692.266	608.9081	1.371559	1.103362	1.321913
3828	-1088.219	-1697.414	609.1947	1.303046	0.9382287	1.276984
3834	-1080.485	-1689.494	609.0083	1.228196	0.6055629	1.775946
3840	-1080.963	-1689.515	608.5516	1.078489	0.8623212	1.968194
3846	-1080.971	-1689.928	608.9566	1.200552	0.5861728	1.85029
3852	-1084.069	-1693.035	608.9662	1.056855	0.6649878	1.865887
3858	-1102.752	-1711.347	608.5947	1.323703	0.9515601	1.703904
3864	-1093.518	-1702.631	609.1131	1.312181	0.8182266	1.439198
3870	-1095.921	-1705.28	609.3595	1.545618	0.9718839	0.8556905
3876	-1095.576	-1704.35	608.7739	1.671011	1.108099	1.180477
3882	-1075.237	-1684.498	609.2607	1.622335	0.9431594	0.9151679
3888	-1079.104	-1688.372	609.2679	1.615121	0.9431594	0.9151679
3894	-1077.226	-1686.096	608.8694	1.395673	0.8877396	1.501243
3900	-1071.705	-1680.423	608.7175	1.680018	1.331164	1.049027
3906	-1067.612	-1676.359	608.747	1.680018	1.447133	0.9274927
3912	-1090.571	-1698.972	608.401	1.844439	1.670263	0.9514588
3918	-1094.471	-1703.76	609.2891	1.725489	0.9020355	0.8105129
3924	-1110.454	-1719.535	609.0806	1.575881	1.130414	0.9622745
